<?xml version="1.0" encoding="UTF-8"?>
<!-- Generated by org.testng.reporters.JUnitReportReporter -->
<testsuite hostname="LAPTOP-Q4DCNU94" failures="0" tests="4" name="fita.tests.Test002" time="0.012" errors="0" timestamp="2024-08-27T09:56:50 IST" skipped="1">
  <testcase classname="fita.tests.Test002" name="method1" time="0.008"/>
  <testcase classname="fita.tests.Test002" name="method4" time="0.003"/>
  <testcase classname="fita.tests.Test002" name="method6" time="0.001"/>
  <testcase classname="fita.tests.Test002" name="method2">
    <skipped/>
  </testcase> <!-- method2 -->
</testsuite> <!-- fita.tests.Test002 -->
