<?xml version="1.0" encoding="UTF-8"?>
<!-- Generated by org.testng.reporters.JUnitReportReporter -->
<testsuite hostname="LAPTOP-Q4DCNU94" failures="0" tests="3" name="fita.tests.Runner" time="75.104" errors="0" timestamp="2024-09-20T09:51:28 IST" skipped="0">
  <testcase classname="fita.tests.Runner" name="runScenario" time="28.327"/>
  <testcase classname="fita.tests.Runner" name="runScenario" time="22.579"/>
  <testcase classname="fita.tests.Runner" name="runScenario" time="24.198"/>
</testsuite> <!-- fita.tests.Runner -->
