<?xml version="1.0" encoding="UTF-8"?>
<!-- Generated by org.testng.reporters.JUnitReportReporter -->
<testsuite hostname="LAPTOP-Q4DCNU94" failures="0" tests="1" name="fita.utilites.Utilities" time="0.571" errors="0" timestamp="2024-09-19T09:50:33 IST" skipped="0">
  <testcase classname="fita.utilites.Utilities" name="readData" time="0.571"/>
</testsuite> <!-- fita.utilites.Utilities -->
