<?xml version="1.0" encoding="UTF-8"?>
<!-- Generated by org.testng.reporters.JUnitReportReporter -->
<testsuite hostname="LAPTOP-Q4DCNU94" failures="0" tests="6" name="fita.tests.Test002" time="0.005" errors="0" timestamp="2024-09-23T09:12:42 IST" skipped="1">
  <testcase classname="fita.tests.Test002" name="method5" time="0.001"/>
  <testcase classname="fita.tests.Test002" name="method4" time="0.001"/>
  <testcase classname="fita.tests.Test002" name="method3" time="0.001"/>
  <testcase classname="fita.tests.Test002" name="method1" time="0.001"/>
  <testcase classname="fita.tests.Test002" name="method6" time="0.001"/>
  <testcase classname="fita.tests.Test002" name="method2">
    <skipped/>
  </testcase> <!-- method2 -->
</testsuite> <!-- fita.tests.Test002 -->
